This is pdfTeX, Version 3.141592653-2.6-1.40.25 (MiKTeX 23.12) (preloaded format=pdflatex 2024.1.25)  10 MAY 2024 16:37
entering extended mode
 restricted \write18 enabled.
 %&-line parsing enabled.
**./04-analysis.tex
(04-analysis.tex
LaTeX2e <2023-11-01> patch level 1
L3 programming layer <2024-01-04>
! Undefined control sequence.
l.1 \chapter
            {–ê–Ω–∞–ª–∏—Ç–∏—á–µ—Å–∫–∏–π —Ä–∞–∑–¥–µ–ª}
The control sequence at the end of the top line
of your error message was never \def'ed. If you have
misspelled it (e.g., `\hobx'), type `I' and the correct
spelling (e.g., `I\hbox'). Otherwise just continue,
and I'll forget about whatever was undefined.


! LaTeX Error: Unicode character –ê (U+0410)
               not set up for use with LaTeX.

See the LaTeX manual or LaTeX Companion for explanation.
Type  H <return>  for immediate help.
 ...                                              
                                                  
l.1 \chapter{–ê
               –Ω–∞–ª–∏—Ç–∏—á–µ—Å–∫–∏–π —Ä–∞–∑–¥–µ–ª}
You may provide a definition with
\DeclareUnicodeCharacter 


! LaTeX Error: Unicode character –Ω (U+043D)
               not set up for use with LaTeX.

See the LaTeX manual or LaTeX Companion for explanation.
Type  H <return>  for immediate help.
 ...                                              
                                                  
l.1 \chapter{–ê–Ω
                 –∞–ª–∏—Ç–∏—á–µ—Å–∫–∏–π —Ä–∞–∑–¥–µ–ª}
You may provide a definition with
\DeclareUnicodeCharacter 


! LaTeX Error: Unicode character –∞ (U+0430)
               not set up for use with LaTeX.

See the LaTeX manual or LaTeX Companion for explanation.
Type  H <return>  for immediate help.
 ...                                              
                                                  
l.1 \chapter{–ê–Ω–∞
                   –ª–∏—Ç–∏—á–µ—Å–∫–∏–π —Ä–∞–∑–¥–µ–ª}
You may provide a definition with
\DeclareUnicodeCharacter 


! LaTeX Error: Unicode character –ª (U+043B)
               not set up for use with LaTeX.

See the LaTeX manual or LaTeX Companion for explanation.
Type  H <return>  for immediate help.
 ...                                              
                                                  
l.1 \chapter{–ê–Ω–∞–ª
                     –∏—Ç–∏—á–µ—Å–∫–∏–π —Ä–∞–∑–¥–µ–ª}
You may provide a definition with
\DeclareUnicodeCharacter 


! LaTeX Error: Unicode character –∏ (U+0438)
               not set up for use with LaTeX.

See the LaTeX manual or LaTeX Companion for explanation.
Type  H <return>  for immediate help.
 ...                                              
                                                  
l.1 \chapter{–ê–Ω–∞–ª–∏
                       —Ç–∏—á–µ—Å–∫–∏–π —Ä–∞–∑–¥–µ–ª}
You may provide a definition with
\DeclareUnicodeCharacter 


! LaTeX Error: Unicode character —Ç (U+0442)
               not set up for use with LaTeX.

See the LaTeX manual or LaTeX Companion for explanation.
Type  H <return>  for immediate help.
 ...                                              
                                                  
l.1 \chapter{–ê–Ω–∞–ª–∏—Ç
                         –∏—á–µ—Å–∫–∏–π —Ä–∞–∑–¥–µ–ª}
You may provide a definition with
\DeclareUnicodeCharacter 


! LaTeX Error: Unicode character –∏ (U+0438)
               not set up for use with LaTeX.

See the LaTeX manual or LaTeX Companion for explanation.
Type  H <return>  for immediate help.
 ...                                              
                                                  
l.1 \chapter{–ê–Ω–∞–ª–∏—Ç–∏
                           —á–µ—Å–∫–∏–π —Ä–∞–∑–¥–µ–ª}
You may provide a definition with
\DeclareUnicodeCharacter 


! LaTeX Error: Unicode character —á (U+0447)
               not set up for use with LaTeX.

See the LaTeX manual or LaTeX Companion for explanation.
Type  H <return>  for immediate help.
 ...                                              
                                                  
l.1 \chapter{–ê–Ω–∞–ª–∏—Ç–∏—á
                             –µ—Å–∫–∏–π —Ä–∞–∑–¥–µ–ª}
You may provide a definition with
\DeclareUnicodeCharacter 


! LaTeX Error: Unicode character –µ (U+0435)
               not set up for use with LaTeX.

See the LaTeX manual or LaTeX Companion for explanation.
Type  H <return>  for immediate help.
 ...                                              
                                                  
l.1 \chapter{–ê–Ω–∞–ª–∏—Ç–∏—á–µ
                               —Å–∫–∏–π —Ä–∞–∑–¥–µ–ª}
You may provide a definition with
\DeclareUnicodeCharacter 


! LaTeX Error: Unicode character —Å (U+0441)
               not set up for use with LaTeX.

See the LaTeX manual or LaTeX Companion for explanation.
Type  H <return>  for immediate help.
 ...                                              
                                                  
l.1 \chapter{–ê–Ω–∞–ª–∏—Ç–∏—á–µ—Å
                                 –∫–∏–π —Ä–∞–∑–¥–µ–ª}
You may provide a definition with
\DeclareUnicodeCharacter 


! LaTeX Error: Unicode character –∫ (U+043A)
               not set up for use with LaTeX.

See the LaTeX manual or LaTeX Companion for explanation.
Type  H <return>  for immediate help.
 ...                                              
                                                  
l.1 \chapter{–ê–Ω–∞–ª–∏—Ç–∏—á–µ—Å–∫
                                   –∏–π —Ä–∞–∑–¥–µ–ª}
You may provide a definition with
\DeclareUnicodeCharacter 


! LaTeX Error: Unicode character –∏ (U+0438)
               not set up for use with LaTeX.

See the LaTeX manual or LaTeX Companion for explanation.
Type  H <return>  for immediate help.
 ...                                              
                                                  
l.1 \chapter{–ê–Ω–∞–ª–∏—Ç–∏—á–µ—Å–∫–∏
                                     –π —Ä–∞–∑–¥–µ–ª}
You may provide a definition with
\DeclareUnicodeCharacter 


! LaTeX Error: Unicode character –π (U+0439)
               not set up for use with LaTeX.

See the LaTeX manual or LaTeX Companion for explanation.
Type  H <return>  for immediate help.
 ...                                              
                                                  
l.1 \chapter{–ê–Ω–∞–ª–∏—Ç–∏—á–µ—Å–∫–∏–π
                                        —Ä–∞–∑–¥–µ–ª}
You may provide a definition with
\DeclareUnicodeCharacter 


! LaTeX Error: Unicode character —Ä (U+0440)
               not set up for use with LaTeX.

See the LaTeX manual or LaTeX Companion for explanation.
Type  H <return>  for immediate help.
 ...                                              
                                                  
l.1 \chapter{–ê–Ω–∞–ª–∏—Ç–∏—á–µ—Å–∫–∏–π —Ä
                                          –∞–∑–¥–µ–ª}
You may provide a definition with
\DeclareUnicodeCharacter 


! LaTeX Error: Unicode character –∞ (U+0430)
               not set up for use with LaTeX.

See the LaTeX manual or LaTeX Companion for explanation.
Type  H <return>  for immediate help.
 ...                                              
                                                  
l.1 \chapter{–ê–Ω–∞–ª–∏—Ç–∏—á–µ—Å–∫–∏–π —Ä–∞
                                            –∑–¥–µ–ª}
You may provide a definition with
\DeclareUnicodeCharacter 


! LaTeX Error: Unicode character –∑ (U+0437)
               not set up for use with LaTeX.

See the LaTeX manual or LaTeX Companion for explanation.
Type  H <return>  for immediate help.
 ...                                              
                                                  
l.1 \chapter{–ê–Ω–∞–ª–∏—Ç–∏—á–µ—Å–∫–∏–π —Ä–∞–∑
                                              –¥–µ–ª}
You may provide a definition with
\DeclareUnicodeCharacter 


! LaTeX Error: Unicode character –¥ (U+0434)
               not set up for use with LaTeX.

See the LaTeX manual or LaTeX Companion for explanation.
Type  H <return>  for immediate help.
 ...                                              
                                                  
l.1 \chapter{–ê–Ω–∞–ª–∏—Ç–∏—á–µ—Å–∫–∏–π —Ä–∞–∑–¥
                                                –µ–ª}
You may provide a definition with
\DeclareUnicodeCharacter 


! LaTeX Error: Unicode character –µ (U+0435)
               not set up for use with LaTeX.

See the LaTeX manual or LaTeX Companion for explanation.
Type  H <return>  for immediate help.
 ...                                              
                                                  
l.1 \chapter{–ê–Ω–∞–ª–∏—Ç–∏—á–µ—Å–∫–∏–π —Ä–∞–∑–¥–µ
                                                  –ª}
You may provide a definition with
\DeclareUnicodeCharacter 


! LaTeX Error: Unicode character –ª (U+043B)
               not set up for use with LaTeX.

See the LaTeX manual or LaTeX Companion for explanation.
Type  H <return>  for immediate help.
 ...                                              
                                                  
l.1 ...ter{–ê–Ω–∞–ª–∏—Ç–∏—á–µ—Å–∫–∏–π —Ä–∞–∑–¥–µ–ª
                                                  }
You may provide a definition with
\DeclareUnicodeCharacter 


! LaTeX Error: Unicode character –í (U+0412)
               not set up for use with LaTeX.

See the LaTeX manual or LaTeX Companion for explanation.
Type  H <return>  for immediate help.
 ...                                              
                                                  
l.3 –í
       –¥–∞–Ω–Ω–æ–º —Ä–∞–∑–¥–µ–ª–µ –ø—Ä–∏–≤–æ–¥–∏—Ç—Å—è –∞–Ω–∞–ª–∏–∑ –ø—Ä–µ–...

You may provide a definition with
\DeclareUnicodeCharacter 


! LaTeX Error: Unicode character –¥ (U+0434)
               not set up for use with LaTeX.

See the LaTeX manual or LaTeX Companion for explanation.
Type  H <return>  for immediate help.
 ...                                              
                                                  
l.3 –í –¥
         –∞–Ω–Ω–æ–º —Ä–∞–∑–¥–µ–ª–µ –ø—Ä–∏–≤–æ–¥–∏—Ç—Å—è –∞–Ω–∞–ª–∏–∑ –ø—Ä–µ–...

You may provide a definition with
\DeclareUnicodeCharacter 


! LaTeX Error: Unicode character –∞ (U+0430)
               not set up for use with LaTeX.

See the LaTeX manual or LaTeX Companion for explanation.
Type  H <return>  for immediate help.
 ...                                              
                                                  
l.3 –í –¥–∞
           –Ω–Ω–æ–º —Ä–∞–∑–¥–µ–ª–µ –ø—Ä–∏–≤–æ–¥–∏—Ç—Å—è –∞–Ω–∞–ª–∏–∑ –ø—Ä–µ–...

You may provide a definition with
\DeclareUnicodeCharacter 


! LaTeX Error: Unicode character –Ω (U+043D)
               not set up for use with LaTeX.

See the LaTeX manual or LaTeX Companion for explanation.
Type  H <return>  for immediate help.
 ...                                              
                                                  
l.3 –í –¥–∞–Ω
             –Ω–æ–º —Ä–∞–∑–¥–µ–ª–µ –ø—Ä–∏–≤–æ–¥–∏—Ç—Å—è –∞–Ω–∞–ª–∏–∑ –ø—Ä–µ–...

You may provide a definition with
\DeclareUnicodeCharacter 


! LaTeX Error: Unicode character –Ω (U+043D)
               not set up for use with LaTeX.

See the LaTeX manual or LaTeX Companion for explanation.
Type  H <return>  for immediate help.
 ...                                              
                                                  
l.3 –í –¥–∞–Ω–Ω
               –æ–º —Ä–∞–∑–¥–µ–ª–µ –ø—Ä–∏–≤–æ–¥–∏—Ç—Å—è –∞–Ω–∞–ª–∏–∑ –ø—Ä–µ–...

You may provide a definition with
\DeclareUnicodeCharacter 


! LaTeX Error: Unicode character –æ (U+043E)
               not set up for use with LaTeX.

See the LaTeX manual or LaTeX Companion for explanation.
Type  H <return>  for immediate help.
 ...                                              
                                                  
l.3 –í –¥–∞–Ω–Ω–æ
                 –º —Ä–∞–∑–¥–µ–ª–µ –ø—Ä–∏–≤–æ–¥–∏—Ç—Å—è –∞–Ω–∞–ª–∏–∑ –ø—Ä–µ–...

You may provide a definition with
\DeclareUnicodeCharacter 


! LaTeX Error: Unicode character –º (U+043C)
               not set up for use with LaTeX.

See the LaTeX manual or LaTeX Companion for explanation.
Type  H <return>  for immediate help.
 ...                                              
                                                  
l.3 –í –¥–∞–Ω–Ω–æ–º
                    —Ä–∞–∑–¥–µ–ª–µ –ø—Ä–∏–≤–æ–¥–∏—Ç—Å—è –∞–Ω–∞–ª–∏–∑ –ø—Ä–µ–...

You may provide a definition with
\DeclareUnicodeCharacter 


! LaTeX Error: Unicode character —Ä (U+0440)
               not set up for use with LaTeX.

See the LaTeX manual or LaTeX Companion for explanation.
Type  H <return>  for immediate help.
 ...                                              
                                                  
l.3 –í –¥–∞–Ω–Ω–æ–º —Ä
                      –∞–∑–¥–µ–ª–µ –ø—Ä–∏–≤–æ–¥–∏—Ç—Å—è –∞–Ω–∞–ª–∏–∑ –ø—Ä–µ–...

You may provide a definition with
\DeclareUnicodeCharacter 


! LaTeX Error: Unicode character –∞ (U+0430)
               not set up for use with LaTeX.

See the LaTeX manual or LaTeX Companion for explanation.
Type  H <return>  for immediate help.
 ...                                              
                                                  
l.3 –í –¥–∞–Ω–Ω–æ–º —Ä–∞
                        –∑–¥–µ–ª–µ –ø—Ä–∏–≤–æ–¥–∏—Ç—Å—è –∞–Ω–∞–ª–∏–∑ –ø—Ä–µ–...

You may provide a definition with
\DeclareUnicodeCharacter 


! LaTeX Error: Unicode character –∑ (U+0437)
               not set up for use with LaTeX.

See the LaTeX manual or LaTeX Companion for explanation.
Type  H <return>  for immediate help.
 ...                                              
                                                  
l.3 –í –¥–∞–Ω–Ω–æ–º —Ä–∞–∑
                          –¥–µ–ª–µ –ø—Ä–∏–≤–æ–¥–∏—Ç—Å—è –∞–Ω–∞–ª–∏–∑ –ø—Ä–µ–...

You may provide a definition with
\DeclareUnicodeCharacter 


! LaTeX Error: Unicode character –¥ (U+0434)
               not set up for use with LaTeX.

See the LaTeX manual or LaTeX Companion for explanation.
Type  H <return>  for immediate help.
 ...                                              
                                                  
l.3 –í –¥–∞–Ω–Ω–æ–º —Ä–∞–∑–¥
                            –µ–ª–µ –ø—Ä–∏–≤–æ–¥–∏—Ç—Å—è –∞–Ω–∞–ª–∏–∑ –ø—Ä–µ–...

You may provide a definition with
\DeclareUnicodeCharacter 


! LaTeX Error: Unicode character –µ (U+0435)
               not set up for use with LaTeX.

See the LaTeX manual or LaTeX Companion for explanation.
Type  H <return>  for immediate help.
 ...                                              
                                                  
l.3 –í –¥–∞–Ω–Ω–æ–º —Ä–∞–∑–¥–µ
                              –ª–µ –ø—Ä–∏–≤–æ–¥–∏—Ç—Å—è –∞–Ω–∞–ª–∏–∑ –ø—Ä–µ–...

You may provide a definition with
\DeclareUnicodeCharacter 


! LaTeX Error: Unicode character –ª (U+043B)
               not set up for use with LaTeX.

See the LaTeX manual or LaTeX Companion for explanation.
Type  H <return>  for immediate help.
 ...                                              
                                                  
l.3 –í –¥–∞–Ω–Ω–æ–º —Ä–∞–∑–¥–µ–ª
                                –µ –ø—Ä–∏–≤–æ–¥–∏—Ç—Å—è –∞–Ω–∞–ª–∏–∑ –ø—Ä–µ–...

You may provide a definition with
\DeclareUnicodeCharacter 


! LaTeX Error: Unicode character –µ (U+0435)
               not set up for use with LaTeX.

See the LaTeX manual or LaTeX Companion for explanation.
Type  H <return>  for immediate help.
 ...                                              
                                                  
l.3 –í –¥–∞–Ω–Ω–æ–º —Ä–∞–∑–¥–µ–ª–µ
                                   –ø—Ä–∏–≤–æ–¥–∏—Ç—Å—è –∞–Ω–∞–ª–∏–∑ –ø—Ä–µ–...

You may provide a definition with
\DeclareUnicodeCharacter 


! LaTeX Error: Unicode character –ø (U+043F)
               not set up for use with LaTeX.

See the LaTeX manual or LaTeX Companion for explanation.
Type  H <return>  for immediate help.
 ...                                              
                                                  
l.3 –í –¥–∞–Ω–Ω–æ–º —Ä–∞–∑–¥–µ–ª–µ –ø
                                     —Ä–∏–≤–æ–¥–∏—Ç—Å—è –∞–Ω–∞–ª–∏–∑ –ø—Ä–µ–...

You may provide a definition with
\DeclareUnicodeCharacter 


! LaTeX Error: Unicode character —Ä (U+0440)
               not set up for use with LaTeX.

See the LaTeX manual or LaTeX Companion for explanation.
Type  H <return>  for immediate help.
 ...                                              
                                                  
l.3 –í –¥–∞–Ω–Ω–æ–º —Ä–∞–∑–¥–µ–ª–µ –ø—Ä
                                       –∏–≤–æ–¥–∏—Ç—Å—è –∞–Ω–∞–ª–∏–∑ –ø—Ä–µ–...

You may provide a definition with
\DeclareUnicodeCharacter 


! LaTeX Error: Unicode character –∏ (U+0438)
               not set up for use with LaTeX.

See the LaTeX manual or LaTeX Companion for explanation.
Type  H <return>  for immediate help.
 ...                                              
                                                  
l.3 –í –¥–∞–Ω–Ω–æ–º —Ä–∞–∑–¥–µ–ª–µ –ø—Ä–∏
                                         –≤–æ–¥–∏—Ç—Å—è –∞–Ω–∞–ª–∏–∑ –ø—Ä–µ–...

You may provide a definition with
\DeclareUnicodeCharacter 


! LaTeX Error: Unicode character –≤ (U+0432)
               not set up for use with LaTeX.

See the LaTeX manual or LaTeX Companion for explanation.
Type  H <return>  for immediate help.
 ...                                              
                                                  
l.3 –í –¥–∞–Ω–Ω–æ–º —Ä–∞–∑–¥–µ–ª–µ –ø—Ä–∏–≤
                                           –æ–¥–∏—Ç—Å—è –∞–Ω–∞–ª–∏–∑ –ø—Ä–µ–...

You may provide a definition with
\DeclareUnicodeCharacter 


! LaTeX Error: Unicode character –æ (U+043E)
               not set up for use with LaTeX.

See the LaTeX manual or LaTeX Companion for explanation.
Type  H <return>  for immediate help.
 ...                                              
                                                  
l.3 –í –¥–∞–Ω–Ω–æ–º —Ä–∞–∑–¥–µ–ª–µ –ø—Ä–∏–≤–æ
                                             –¥–∏—Ç—Å—è –∞–Ω–∞–ª–∏–∑ –ø—Ä–µ–...

You may provide a definition with
\DeclareUnicodeCharacter 


! LaTeX Error: Unicode character –¥ (U+0434)
               not set up for use with LaTeX.

See the LaTeX manual or LaTeX Companion for explanation.
Type  H <return>  for immediate help.
 ...                                              
                                                  
l.3 –í –¥–∞–Ω–Ω–æ–º —Ä–∞–∑–¥–µ–ª–µ –ø—Ä–∏–≤–æ–¥
                                               –∏—Ç—Å—è –∞–Ω–∞–ª–∏–∑ –ø—Ä–µ–...

You may provide a definition with
\DeclareUnicodeCharacter 


! LaTeX Error: Unicode character –∏ (U+0438)
               not set up for use with LaTeX.

See the LaTeX manual or LaTeX Companion for explanation.
Type  H <return>  for immediate help.
 ...                                              
                                                  
l.3 –í –¥–∞–Ω–Ω–æ–º —Ä–∞–∑–¥–µ–ª–µ –ø—Ä–∏–≤–æ–¥–∏
                                                 —Ç—Å—è –∞–Ω–∞–ª–∏–∑ –ø—Ä–µ–...

You may provide a definition with
\DeclareUnicodeCharacter 


! LaTeX Error: Unicode character —Ç (U+0442)
               not set up for use with LaTeX.

See the LaTeX manual or LaTeX Companion for explanation.
Type  H <return>  for immediate help.
 ...                                              
                                                  
l.3 ...¥–∞–Ω–Ω–æ–º —Ä–∞–∑–¥–µ–ª–µ –ø—Ä–∏–≤–æ–¥–∏—Ç
                                                  —Å—è –∞–Ω–∞–ª–∏–∑ –ø—Ä–µ–¥...

You may provide a definition with
\DeclareUnicodeCharacter 


! LaTeX Error: Unicode character —Å (U+0441)
               not set up for use with LaTeX.

See the LaTeX manual or LaTeX Companion for explanation.
Type  H <return>  for immediate help.
 ...                                              
                                                  
l.3 ...∞–Ω–Ω–æ–º —Ä–∞–∑–¥–µ–ª–µ –ø—Ä–∏–≤–æ–¥–∏—Ç—Å
                                                  —è –∞–Ω–∞–ª–∏–∑ –ø—Ä–µ–¥–º...

You may provide a definition with
\DeclareUnicodeCharacter 


! LaTeX Error: Unicode character —è (U+044F)
               not set up for use with LaTeX.

See the LaTeX manual or LaTeX Companion for explanation.
Type  H <return>  for immediate help.
 ...                                              
                                                  
l.3 ...Ω–Ω–æ–º —Ä–∞–∑–¥–µ–ª–µ –ø—Ä–∏–≤–æ–¥–∏—Ç—Å—è
                                                   –∞–Ω–∞–ª–∏–∑ –ø—Ä–µ–¥–º–µ...

You may provide a definition with
\DeclareUnicodeCharacter 


! LaTeX Error: Unicode character –∞ (U+0430)
               not set up for use with LaTeX.

See the LaTeX manual or LaTeX Companion for explanation.
Type  H <return>  for immediate help.
 ...                                              
                                                  
l.3 ...–æ–º —Ä–∞–∑–¥–µ–ª–µ –ø—Ä–∏–≤–æ–¥–∏—Ç—Å—è –∞
                                                  –Ω–∞–ª–∏–∑ –ø—Ä–µ–¥–º–µ—Ç–...

You may provide a definition with
\DeclareUnicodeCharacter 


! LaTeX Error: Unicode character –Ω (U+043D)
               not set up for use with LaTeX.

See the LaTeX manual or LaTeX Companion for explanation.
Type  H <return>  for immediate help.
 ...                                              
                                                  
l.3 ...–º —Ä–∞–∑–¥–µ–ª–µ –ø—Ä–∏–≤–æ–¥–∏—Ç—Å—è –∞–Ω
                                                  –∞–ª–∏–∑ –ø—Ä–µ–¥–º–µ—Ç–Ω–...

You may provide a definition with
\DeclareUnicodeCharacter 


! LaTeX Error: Unicode character –∞ (U+0430)
               not set up for use with LaTeX.

See the LaTeX manual or LaTeX Companion for explanation.
Type  H <return>  for immediate help.
 ...                                              
                                                  
l.3 ... —Ä–∞–∑–¥–µ–ª–µ –ø—Ä–∏–≤–æ–¥–∏—Ç—Å—è –∞–Ω–∞
                                                  –ª–∏–∑ –ø—Ä–µ–¥–º–µ—Ç–Ω–æ–...

You may provide a definition with
\DeclareUnicodeCharacter 


! LaTeX Error: Unicode character –ª (U+043B)
               not set up for use with LaTeX.

See the LaTeX manual or LaTeX Companion for explanation.
Type  H <return>  for immediate help.
 ...                                              
                                                  
l.3 ...Ä–∞–∑–¥–µ–ª–µ –ø—Ä–∏–≤–æ–¥–∏—Ç—Å—è –∞–Ω–∞–ª
                                                  –∏–∑ –ø—Ä–µ–¥–º–µ—Ç–Ω–æ–π ...

You may provide a definition with
\DeclareUnicodeCharacter 


! LaTeX Error: Unicode character –∏ (U+0438)
               not set up for use with LaTeX.

See the LaTeX manual or LaTeX Companion for explanation.
Type  H <return>  for immediate help.
 ...                                              
                                                  
l.3 ...∞–∑–¥–µ–ª–µ –ø—Ä–∏–≤–æ–¥–∏—Ç—Å—è –∞–Ω–∞–ª–∏
                                                  –∑ –ø—Ä–µ–¥–º–µ—Ç–Ω–æ–π –æ...

You may provide a definition with
\DeclareUnicodeCharacter 


! LaTeX Error: Unicode character –∑ (U+0437)
               not set up for use with LaTeX.

See the LaTeX manual or LaTeX Companion for explanation.
Type  H <return>  for immediate help.
 ...                                              
                                                  
l.3 ...∑–¥–µ–ª–µ –ø—Ä–∏–≤–æ–¥–∏—Ç—Å—è –∞–Ω–∞–ª–∏–∑
                                                   –ø—Ä–µ–¥–º–µ—Ç–Ω–æ–π –æ–±...

You may provide a definition with
\DeclareUnicodeCharacter 


! LaTeX Error: Unicode character –ø (U+043F)
               not set up for use with LaTeX.

See the LaTeX manual or LaTeX Companion for explanation.
Type  H <return>  for immediate help.
 ...                                              
                                                  
l.3 ...–µ–ª–µ –ø—Ä–∏–≤–æ–¥–∏—Ç—Å—è –∞–Ω–∞–ª–∏–∑ –ø
                                                  —Ä–µ–¥–º–µ—Ç–Ω–æ–π –æ–±–ª–...

You may provide a definition with
\DeclareUnicodeCharacter 


! LaTeX Error: Unicode character —Ä (U+0440)
               not set up for use with LaTeX.

See the LaTeX manual or LaTeX Companion for explanation.
Type  H <return>  for immediate help.
 ...                                              
                                                  
l.3 ...–ª–µ –ø—Ä–∏–≤–æ–¥–∏—Ç—Å—è –∞–Ω–∞–ª–∏–∑ –ø—Ä
                                                  –µ–¥–º–µ—Ç–Ω–æ–π –æ–±–ª–∞—...

You may provide a definition with
\DeclareUnicodeCharacter 


! LaTeX Error: Unicode character –µ (U+0435)
               not set up for use with LaTeX.

See the LaTeX manual or LaTeX Companion for explanation.
Type  H <return>  for immediate help.
 ...                                              
                                                  
l.3 ...–µ –ø—Ä–∏–≤–æ–¥–∏—Ç—Å—è –∞–Ω–∞–ª–∏–∑ –ø—Ä–µ
                                                  –¥–º–µ—Ç–Ω–æ–π –æ–±–ª–∞—Å—...

You may provide a definition with
\DeclareUnicodeCharacter 


! LaTeX Error: Unicode character –¥ (U+0434)
               not set up for use with LaTeX.

See the LaTeX manual or LaTeX Companion for explanation.
Type  H <return>  for immediate help.
 ...                                              
                                                  
l.3 ... –ø—Ä–∏–≤–æ–¥–∏—Ç—Å—è –∞–Ω–∞–ª–∏–∑ –ø—Ä–µ–¥
                                                  –º–µ—Ç–Ω–æ–π –æ–±–ª–∞—Å—Ç–...

You may provide a definition with
\DeclareUnicodeCharacter 


! LaTeX Error: Unicode character –º (U+043C)
               not set up for use with LaTeX.

See the LaTeX manual or LaTeX Companion for explanation.
Type  H <return>  for immediate help.
 ...                                              
                                                  
l.3 ...ø—Ä–∏–≤–æ–¥–∏—Ç—Å—è –∞–Ω–∞–ª–∏–∑ –ø—Ä–µ–¥–º
                                                  –µ—Ç–Ω–æ–π –æ–±–ª–∞—Å—Ç–∏ ...

You may provide a definition with
\DeclareUnicodeCharacter 


! LaTeX Error: Unicode character –µ (U+0435)
               not set up for use with LaTeX.

See the LaTeX manual or LaTeX Companion for explanation.
Type  H <return>  for immediate help.
 ...                                              
                                                  
l.3 ...Ä–∏–≤–æ–¥–∏—Ç—Å—è –∞–Ω–∞–ª–∏–∑ –ø—Ä–µ–¥–º–µ
                                                  —Ç–Ω–æ–π –æ–±–ª–∞—Å—Ç–∏ –∏...

You may provide a definition with
\DeclareUnicodeCharacter 


! LaTeX Error: Unicode character —Ç (U+0442)
               not set up for use with LaTeX.

See the LaTeX manual or LaTeX Companion for explanation.
Type  H <return>  for immediate help.
 ...                                              
                                                  
l.3 ...∏–≤–æ–¥–∏—Ç—Å—è –∞–Ω–∞–ª–∏–∑ –ø—Ä–µ–¥–º–µ—Ç
                                                  –Ω–æ–π –æ–±–ª–∞—Å—Ç–∏ –∏ —...

You may provide a definition with
\DeclareUnicodeCharacter 


! LaTeX Error: Unicode character –Ω (U+043D)
               not set up for use with LaTeX.

See the LaTeX manual or LaTeX Companion for explanation.
Type  H <return>  for immediate help.
 ...                                              
                                                  
l.3 ...≤–æ–¥–∏—Ç—Å—è –∞–Ω–∞–ª–∏–∑ –ø—Ä–µ–¥–º–µ—Ç–Ω
                                                  –æ–π –æ–±–ª–∞—Å—Ç–∏ –∏ —Å—...

You may provide a definition with
\DeclareUnicodeCharacter 


! LaTeX Error: Unicode character –æ (U+043E)
               not set up for use with LaTeX.

See the LaTeX manual or LaTeX Companion for explanation.
Type  H <return>  for immediate help.
 ...                                              
                                                  
l.3 ...æ–¥–∏—Ç—Å—è –∞–Ω–∞–ª–∏–∑ –ø—Ä–µ–¥–º–µ—Ç–Ω–æ
                                                  –π –æ–±–ª–∞—Å—Ç–∏ –∏ —Å—É—...

You may provide a definition with
\DeclareUnicodeCharacter 


! LaTeX Error: Unicode character –π (U+0439)
               not set up for use with LaTeX.

See the LaTeX manual or LaTeX Companion for explanation.
Type  H <return>  for immediate help.
 ...                                              
                                                  
l.3 ...¥–∏—Ç—Å—è –∞–Ω–∞–ª–∏–∑ –ø—Ä–µ–¥–º–µ—Ç–Ω–æ–π
                                                   –æ–±–ª–∞—Å—Ç–∏ –∏ —Å—É—â–...

You may provide a definition with
\DeclareUnicodeCharacter 


! LaTeX Error: Unicode character –æ (U+043E)
               not set up for use with LaTeX.

See the LaTeX manual or LaTeX Companion for explanation.
Type  H <return>  for immediate help.
 ...                                              
                                                  
l.3 ...—Ç—Å—è –∞–Ω–∞–ª–∏–∑ –ø—Ä–µ–¥–º–µ—Ç–Ω–æ–π –æ
                                                  –±–ª–∞—Å—Ç–∏ –∏ —Å—É—â–µ—Å...

You may provide a definition with
\DeclareUnicodeCharacter 


! LaTeX Error: Unicode character –± (U+0431)
               not set up for use with LaTeX.

See the LaTeX manual or LaTeX Companion for explanation.
Type  H <return>  for immediate help.
 ...                                              
                                                  
l.3 ...—Å—è –∞–Ω–∞–ª–∏–∑ –ø—Ä–µ–¥–º–µ—Ç–Ω–æ–π –æ–±
                                                  –ª–∞—Å—Ç–∏ –∏ —Å—É—â–µ—Å—Ç...

You may provide a definition with
\DeclareUnicodeCharacter 


! LaTeX Error: Unicode character –ª (U+043B)
               not set up for use with LaTeX.

See the LaTeX manual or LaTeX Companion for explanation.
Type  H <return>  for immediate help.
 ...                                              
                                                  
l.3 ...—è –∞–Ω–∞–ª–∏–∑ –ø—Ä–µ–¥–º–µ—Ç–Ω–æ–π –æ–±–ª
                                                  –∞—Å—Ç–∏ –∏ —Å—É—â–µ—Å—Ç–≤...

You may provide a definition with
\DeclareUnicodeCharacter 


! LaTeX Error: Unicode character –∞ (U+0430)
               not set up for use with LaTeX.

See the LaTeX manual or LaTeX Companion for explanation.
Type  H <return>  for immediate help.
 ...                                              
                                                  
l.3 ... –∞–Ω–∞–ª–∏–∑ –ø—Ä–µ–¥–º–µ—Ç–Ω–æ–π –æ–±–ª–∞
                                                  —Å—Ç–∏ –∏ —Å—É—â–µ—Å—Ç–≤—É...

You may provide a definition with
\DeclareUnicodeCharacter 


! LaTeX Error: Unicode character —Å (U+0441)
               not set up for use with LaTeX.

See the LaTeX manual or LaTeX Companion for explanation.
Type  H <return>  for immediate help.
 ...                                              
                                                  
l.3 ...∞–Ω–∞–ª–∏–∑ –ø—Ä–µ–¥–º–µ—Ç–Ω–æ–π –æ–±–ª–∞—Å
                                                  —Ç–∏ –∏ —Å—É—â–µ—Å—Ç–≤—É—é...

You may provide a definition with
\DeclareUnicodeCharacter 


! LaTeX Error: Unicode character —Ç (U+0442)
               not set up for use with LaTeX.

See the LaTeX manual or LaTeX Companion for explanation.
Type  H <return>  for immediate help.
 ...                                              
                                                  
l.3 ...Ω–∞–ª–∏–∑ –ø—Ä–µ–¥–º–µ—Ç–Ω–æ–π –æ–±–ª–∞—Å—Ç
                                                  –∏ –∏ —Å—É—â–µ—Å—Ç–≤—É—é—â...

You may provide a definition with
\DeclareUnicodeCharacter 


! LaTeX Error: Unicode character –∏ (U+0438)
               not set up for use with LaTeX.

See the LaTeX manual or LaTeX Companion for explanation.
Type  H <return>  for immediate help.
 ...                                              
                                                  
l.3 ...∞–ª–∏–∑ –ø—Ä–µ–¥–º–µ—Ç–Ω–æ–π –æ–±–ª–∞—Å—Ç–∏
                                                   –∏ —Å—É—â–µ—Å—Ç–≤—É—é—â–∏...

You may provide a definition with
\DeclareUnicodeCharacter 


! LaTeX Error: Unicode character –∏ (U+0438)
               not set up for use with LaTeX.

See the LaTeX manual or LaTeX Companion for explanation.
Type  H <return>  for immediate help.
 ...                                              
                                                  
l.3 ...–∏–∑ –ø—Ä–µ–¥–º–µ—Ç–Ω–æ–π –æ–±–ª–∞—Å—Ç–∏ –∏
                                                   —Å—É—â–µ—Å—Ç–≤—É—é—â–∏—Ö ...

You may provide a definition with
\DeclareUnicodeCharacter 


! LaTeX Error: Unicode character —Å (U+0441)
               not set up for use with LaTeX.

See the LaTeX manual or LaTeX Companion for explanation.
Type  H <return>  for immediate help.
 ...                                              
                                                  
l.3 ...∑ –ø—Ä–µ–¥–º–µ—Ç–Ω–æ–π –æ–±–ª–∞—Å—Ç–∏ –∏ —Å
                                                  —É—â–µ—Å—Ç–≤—É—é—â–∏—Ö —Ä–...

You may provide a definition with
\DeclareUnicodeCharacter 


! LaTeX Error: Unicode character —É (U+0443)
               not set up for use with LaTeX.

See the LaTeX manual or LaTeX Companion for explanation.
Type  H <return>  for immediate help.
 ...                                              
                                                  
l.3 ...–ø—Ä–µ–¥–º–µ—Ç–Ω–æ–π –æ–±–ª–∞—Å—Ç–∏ –∏ —Å—É
                                                  —â–µ—Å—Ç–≤—É—é—â–∏—Ö —Ä–µ—...

You may provide a definition with
\DeclareUnicodeCharacter 


! LaTeX Error: Unicode character —â (U+0449)
               not set up for use with LaTeX.

See the LaTeX manual or LaTeX Companion for explanation.
Type  H <return>  for immediate help.
 ...                                              
                                                  
l.3 ...—Ä–µ–¥–º–µ—Ç–Ω–æ–π –æ–±–ª–∞—Å—Ç–∏ –∏ —Å—É—â
                                                  –µ—Å—Ç–≤—É—é—â–∏—Ö —Ä–µ—à–...

You may provide a definition with
\DeclareUnicodeCharacter 


! LaTeX Error: Unicode character –µ (U+0435)
               not set up for use with LaTeX.

See the LaTeX manual or LaTeX Companion for explanation.
Type  H <return>  for immediate help.
 ...                                              
                                                  
l.3 ...–µ–¥–º–µ—Ç–Ω–æ–π –æ–±–ª–∞—Å—Ç–∏ –∏ —Å—É—â–µ
                                                  —Å—Ç–≤—É—é—â–∏—Ö —Ä–µ—à–µ–...

You may provide a definition with
\DeclareUnicodeCharacter 


! LaTeX Error: Unicode character —Å (U+0441)
               not set up for use with LaTeX.

See the LaTeX manual or LaTeX Companion for explanation.
Type  H <return>  for immediate help.
 ...                                              
                                                  
l.3 ...–¥–º–µ—Ç–Ω–æ–π –æ–±–ª–∞—Å—Ç–∏ –∏ —Å—É—â–µ—Å
                                                  —Ç–≤—É—é—â–∏—Ö —Ä–µ—à–µ–Ω–...

You may provide a definition with
\DeclareUnicodeCharacter 


! LaTeX Error: Unicode character —Ç (U+0442)
               not set up for use with LaTeX.

See the LaTeX manual or LaTeX Companion for explanation.
Type  H <return>  for immediate help.
 ...                                              
                                                  
l.3 ...–º–µ—Ç–Ω–æ–π –æ–±–ª–∞—Å—Ç–∏ –∏ —Å—É—â–µ—Å—Ç
                                                  –≤—É—é—â–∏—Ö —Ä–µ—à–µ–Ω–∏–...

You may provide a definition with
\DeclareUnicodeCharacter 


! LaTeX Error: Unicode character –≤ (U+0432)
               not set up for use with LaTeX.

See the LaTeX manual or LaTeX Companion for explanation.
Type  H <return>  for immediate help.
 ...                                              
                                                  
l.3 ...–µ—Ç–Ω–æ–π –æ–±–ª–∞—Å—Ç–∏ –∏ —Å—É—â–µ—Å—Ç–≤
                                                  —É—é—â–∏—Ö —Ä–µ—à–µ–Ω–∏–π,...

You may provide a definition with
\DeclareUnicodeCharacter 


! LaTeX Error: Unicode character —É (U+0443)
               not set up for use with LaTeX.

See the LaTeX manual or LaTeX Companion for explanation.
Type  H <return>  for immediate help.
 ...                                              
                                                  
l.3 ...—Ç–Ω–æ–π –æ–±–ª–∞—Å—Ç–∏ –∏ —Å—É—â–µ—Å—Ç–≤—É
                                                  —é—â–∏—Ö —Ä–µ—à–µ–Ω–∏–π, —...

You may provide a definition with
\DeclareUnicodeCharacter 


! LaTeX Error: Unicode character —é (U+044E)
               not set up for use with LaTeX.

See the LaTeX manual or LaTeX Companion for explanation.
Type  H <return>  for immediate help.
 ...                                              
                                                  
l.3 ...–Ω–æ–π –æ–±–ª–∞—Å—Ç–∏ –∏ —Å—É—â–µ—Å—Ç–≤—É—é
                                                  —â–∏—Ö —Ä–µ—à–µ–Ω–∏–π, —Ñ–...

You may provide a definition with
\DeclareUnicodeCharacter 


! LaTeX Error: Unicode character —â (U+0449)
               not set up for use with LaTeX.

See the LaTeX manual or LaTeX Companion for explanation.
Type  H <return>  for immediate help.
 ...                                              
                                                  
l.3 ...–æ–π –æ–±–ª–∞—Å—Ç–∏ –∏ —Å—É—â–µ—Å—Ç–≤—É—é—â
                                                  –∏—Ö —Ä–µ—à–µ–Ω–∏–π, —Ñ–æ—...

You may provide a definition with
\DeclareUnicodeCharacter 


! LaTeX Error: Unicode character –∏ (U+0438)
               not set up for use with LaTeX.

See the LaTeX manual or LaTeX Companion for explanation.
Type  H <return>  for immediate help.
 ...                                              
                                                  
l.3 ...–π –æ–±–ª–∞—Å—Ç–∏ –∏ —Å—É—â–µ—Å—Ç–≤—É—é—â–∏
                                                  —Ö —Ä–µ—à–µ–Ω–∏–π, —Ñ–æ—Ä–...

You may provide a definition with
\DeclareUnicodeCharacter 


! LaTeX Error: Unicode character —Ö (U+0445)
               not set up for use with LaTeX.

See the LaTeX manual or LaTeX Companion for explanation.
Type  H <return>  for immediate help.
 ...                                              
                                                  
l.3 ... –æ–±–ª–∞—Å—Ç–∏ –∏ —Å—É—â–µ—Å—Ç–≤—É—é—â–∏—Ö
                                                   —Ä–µ—à–µ–Ω–∏–π, —Ñ–æ—Ä–º—...

You may provide a definition with
\DeclareUnicodeCharacter 


! LaTeX Error: Unicode character —Ä (U+0440)
               not set up for use with LaTeX.

See the LaTeX manual or LaTeX Companion for explanation.
Type  H <return>  for immediate help.
 ...                                              
                                                  
l.3 ...–±–ª–∞—Å—Ç–∏ –∏ —Å—É—â–µ—Å—Ç–≤—É—é—â–∏—Ö —Ä
                                                  –µ—à–µ–Ω–∏–π, —Ñ–æ—Ä–º—É–ª...

You may provide a definition with
\DeclareUnicodeCharacter 


! LaTeX Error: Unicode character –µ (U+0435)
               not set up for use with LaTeX.

See the LaTeX manual or LaTeX Companion for explanation.
Type  H <return>  for immediate help.
 ...                                              
                                                  
l.3 ...–ª–∞—Å—Ç–∏ –∏ —Å—É—â–µ—Å—Ç–≤—É—é—â–∏—Ö —Ä–µ
                                                  —à–µ–Ω–∏–π, —Ñ–æ—Ä–º—É–ª–∏...

You may provide a definition with
\DeclareUnicodeCharacter 


! LaTeX Error: Unicode character —à (U+0448)
               not set up for use with LaTeX.

See the LaTeX manual or LaTeX Companion for explanation.
Type  H <return>  for immediate help.
 ...                                              
                                                  
l.3 ...–∞—Å—Ç–∏ –∏ —Å—É—â–µ—Å—Ç–≤—É—é—â–∏—Ö —Ä–µ—à
                                                  –µ–Ω–∏–π, —Ñ–æ—Ä–º—É–ª–∏—Ä...

You may provide a definition with
\DeclareUnicodeCharacter 


! LaTeX Error: Unicode character –µ (U+0435)
               not set up for use with LaTeX.

See the LaTeX manual or LaTeX Companion for explanation.
Type  H <return>  for immediate help.
 ...                                              
                                                  
l.3 ...—Å—Ç–∏ –∏ —Å—É—â–µ—Å—Ç–≤—É—é—â–∏—Ö —Ä–µ—à–µ
                                                  –Ω–∏–π, —Ñ–æ—Ä–º—É–ª–∏—Ä—É...

You may provide a definition with
\DeclareUnicodeCharacter 


! LaTeX Error: Unicode character –Ω (U+043D)
               not set up for use with LaTeX.

See the LaTeX manual or LaTeX Companion for explanation.
Type  H <return>  for immediate help.
 ...                                              
                                                  
l.3 ...—Ç–∏ –∏ —Å—É—â–µ—Å—Ç–≤—É—é—â–∏—Ö —Ä–µ—à–µ–Ω
                                                  –∏–π, —Ñ–æ—Ä–º—É–ª–∏—Ä—É—é...

You may provide a definition with
\DeclareUnicodeCharacter 


! LaTeX Error: Unicode character –∏ (U+0438)
               not set up for use with LaTeX.

See the LaTeX manual or LaTeX Companion for explanation.
Type  H <return>  for immediate help.
 ...                                              
                                                  
l.3 ...–∏ –∏ —Å—É—â–µ—Å—Ç–≤—É—é—â–∏—Ö —Ä–µ—à–µ–Ω–∏
                                                  –π, —Ñ–æ—Ä–º—É–ª–∏—Ä—É—é—Ç...

You may provide a definition with
\DeclareUnicodeCharacter 


! LaTeX Error: Unicode character –π (U+0439)
               not set up for use with LaTeX.

See the LaTeX manual or LaTeX Companion for explanation.
Type  H <return>  for immediate help.
 ...                                              
                                                  
l.3 ... –∏ —Å—É—â–µ—Å—Ç–≤—É—é—â–∏—Ö —Ä–µ—à–µ–Ω–∏–π
                                                  , —Ñ–æ—Ä–º—É–ª–∏—Ä—É—é—Ç—Å...

You may provide a definition with
\DeclareUnicodeCharacter 


! LaTeX Error: Missing \begin{document}.

See the LaTeX manual or LaTeX Companion for explanation.
Type  H <return>  for immediate help.
 ...                                              
                                                  
l.3 ...–∏ —Å—É—â–µ—Å—Ç–≤—É—é—â–∏—Ö —Ä–µ—à–µ–Ω–∏–π,
                                                   —Ñ–æ—Ä–º—É–ª–∏—Ä—É—é—Ç—Å—...

You're in trouble here.  Try typing  <return>  to proceed.
If that doesn't work, type  X <return>  to quit.

Missing character: There is no , in font nullfont!

! LaTeX Error: Unicode character —Ñ (U+0444)
               not set up for use with LaTeX.

See the LaTeX manual or LaTeX Companion for explanation.
Type  H <return>  for immediate help.
 ...                                              
                                                  
l.3 ...—Å—É—â–µ—Å—Ç–≤—É—é—â–∏—Ö —Ä–µ—à–µ–Ω–∏–π, —Ñ
                                                  –æ—Ä–º—É–ª–∏—Ä—É—é—Ç—Å—è —...

You may provide a definition with
\DeclareUnicodeCharacter 


! LaTeX Error: Unicode character –æ (U+043E)
               not set up for use with LaTeX.

See the LaTeX manual or LaTeX Companion for explanation.
Type  H <return>  for immediate help.
 ...                                              
                                                  
l.3 ...—É—â–µ—Å—Ç–≤—É—é—â–∏—Ö —Ä–µ—à–µ–Ω–∏–π, —Ñ–æ
                                                  —Ä–º—É–ª–∏—Ä—É—é—Ç—Å—è —Ç—...

You may provide a definition with
\DeclareUnicodeCharacter 


! LaTeX Error: Unicode character —Ä (U+0440)
               not set up for use with LaTeX.

See the LaTeX manual or LaTeX Companion for explanation.
Type  H <return>  for immediate help.
 ...                                              
                                                  
l.3 ...—â–µ—Å—Ç–≤—É—é—â–∏—Ö —Ä–µ—à–µ–Ω–∏–π, —Ñ–æ—Ä
                                                  –º—É–ª–∏—Ä—É—é—Ç—Å—è —Ç—Ä–...

You may provide a definition with
\DeclareUnicodeCharacter 


! LaTeX Error: Unicode character –º (U+043C)
               not set up for use with LaTeX.

See the LaTeX manual or LaTeX Companion for explanation.
Type  H <return>  for immediate help.
 ...                                              
                                                  
l.3 ...–µ—Å—Ç–≤—É—é—â–∏—Ö —Ä–µ—à–µ–Ω–∏–π, —Ñ–æ—Ä–º
                                                  —É–ª–∏—Ä—É—é—Ç—Å—è —Ç—Ä–µ–...

You may provide a definition with
\DeclareUnicodeCharacter 


! LaTeX Error: Unicode character —É (U+0443)
               not set up for use with LaTeX.

See the LaTeX manual or LaTeX Companion for explanation.
Type  H <return>  for immediate help.
 ...                                              
                                                  
l.3 ...—Å—Ç–≤—É—é—â–∏—Ö —Ä–µ—à–µ–Ω–∏–π, —Ñ–æ—Ä–º—É
                                                  –ª–∏—Ä—É—é—Ç—Å—è —Ç—Ä–µ–±–...

You may provide a definition with
\DeclareUnicodeCharacter 


! LaTeX Error: Unicode character –ª (U+043B)
               not set up for use with LaTeX.

See the LaTeX manual or LaTeX Companion for explanation.
Type  H <return>  for immediate help.
 ...                                              
                                                  
l.3 ...—Ç–≤—É—é—â–∏—Ö —Ä–µ—à–µ–Ω–∏–π, —Ñ–æ—Ä–º—É–ª
                                                  –∏—Ä—É—é—Ç—Å—è —Ç—Ä–µ–±–æ–...

You may provide a definition with
\DeclareUnicodeCharacter 


! LaTeX Error: Unicode character –∏ (U+0438)
               not set up for use with LaTeX.

See the LaTeX manual or LaTeX Companion for explanation.
Type  H <return>  for immediate help.
 ...                                              
                                                  
l.3 ...–≤—É—é—â–∏—Ö —Ä–µ—à–µ–Ω–∏–π, —Ñ–æ—Ä–º—É–ª–∏
                                                  —Ä—É—é—Ç—Å—è —Ç—Ä–µ–±–æ–≤–...

You may provide a definition with
\DeclareUnicodeCharacter 


! LaTeX Error: Unicode character —Ä (U+0440)
               not set up for use with LaTeX.

See the LaTeX manual or LaTeX Companion for explanation.
Type  H <return>  for immediate help.
 ...                                              
                                                  
l.3 ...—É—é—â–∏—Ö —Ä–µ—à–µ–Ω–∏–π, —Ñ–æ—Ä–º—É–ª–∏—Ä
                                                  —É—é—Ç—Å—è —Ç—Ä–µ–±–æ–≤–∞–...

You may provide a definition with
\DeclareUnicodeCharacter 


! LaTeX Error: Unicode character —É (U+0443)
               not set up for use with LaTeX.

See the LaTeX manual or LaTeX Companion for explanation.
Type  H <return>  for immediate help.
 ...                                              
                                                  
l.3 ...—é—â–∏—Ö —Ä–µ—à–µ–Ω–∏–π, —Ñ–æ—Ä–º—É–ª–∏—Ä—É
                                                  —é—Ç—Å—è —Ç—Ä–µ–±–æ–≤–∞–Ω–...

You may provide a definition with
\DeclareUnicodeCharacter 


! LaTeX Error: Unicode character —é (U+044E)
               not set up for use with LaTeX.

See the LaTeX manual or LaTeX Companion for explanation.
Type  H <return>  for immediate help.
 ...                                              
                                                  
l.3 ...—â–∏—Ö —Ä–µ—à–µ–Ω–∏–π, —Ñ–æ—Ä–º—É–ª–∏—Ä—É—é
                                                  —Ç—Å—è —Ç—Ä–µ–±–æ–≤–∞–Ω–∏—...

You may provide a definition with
\DeclareUnicodeCharacter 


! LaTeX Error: Unicode character —Ç (U+0442)
               not set up for use with LaTeX.

See the LaTeX manual or LaTeX Companion for explanation.
Type  H <return>  for immediate help.
 ...                                              
                                                  
l.3 ...–∏—Ö —Ä–µ—à–µ–Ω–∏–π, —Ñ–æ—Ä–º—É–ª–∏—Ä—É—é—Ç
                                                  —Å—è —Ç—Ä–µ–±–æ–≤–∞–Ω–∏—è ...

You may provide a definition with
\DeclareUnicodeCharacter 


! LaTeX Error: Unicode character —Å (U+0441)
               not set up for use with LaTeX.

See the LaTeX manual or LaTeX Companion for explanation.
Type  H <return>  for immediate help.
 ...                                              
                                                  
l.3 ...—Ö —Ä–µ—à–µ–Ω–∏–π, —Ñ–æ—Ä–º—É–ª–∏—Ä—É—é—Ç—Å
                                                  —è —Ç—Ä–µ–±–æ–≤–∞–Ω–∏—è –∫...

You may provide a definition with
\DeclareUnicodeCharacter 


! LaTeX Error: Unicode character —è (U+044F)
               not set up for use with LaTeX.

See the LaTeX manual or LaTeX Companion for explanation.
Type  H <return>  for immediate help.
 ...                                              
                                                  
l.3 ... —Ä–µ—à–µ–Ω–∏–π, —Ñ–æ—Ä–º—É–ª–∏—Ä—É—é—Ç—Å—è
                                                   —Ç—Ä–µ–±–æ–≤–∞–Ω–∏—è –∫ –...

You may provide a definition with
\DeclareUnicodeCharacter 


! LaTeX Error: Unicode character —Ç (U+0442)
               not set up for use with LaTeX.

See the LaTeX manual or LaTeX Companion for explanation.
Type  H <return>  for immediate help.
 ...                                              
                                                  
l.3 ...–µ—à–µ–Ω–∏–π, —Ñ–æ—Ä–º—É–ª–∏—Ä—É—é—Ç—Å—è —Ç
                                                  —Ä–µ–±–æ–≤–∞–Ω–∏—è –∫ –ë–î...

You may provide a definition with
\DeclareUnicodeCharacter 


! LaTeX Error: Unicode character —Ä (U+0440)
               not set up for use with LaTeX.

See the LaTeX manual or LaTeX Companion for explanation.
Type  H <return>  for immediate help.
 ...                                              
                                                  
l.3 ...—à–µ–Ω–∏–π, —Ñ–æ—Ä–º—É–ª–∏—Ä—É—é—Ç—Å—è —Ç—Ä
                                                  –µ–±–æ–≤–∞–Ω–∏—è –∫ –ë–î –...

You may provide a definition with
\DeclareUnicodeCharacter 


! LaTeX Error: Unicode character –µ (U+0435)
               not set up for use with LaTeX.

See the LaTeX manual or LaTeX Companion for explanation.
Type  H <return>  for immediate help.
 ...                                              
                                                  
l.3 ...–µ–Ω–∏–π, —Ñ–æ—Ä–º—É–ª–∏—Ä—É—é—Ç—Å—è —Ç—Ä–µ
                                                  –±–æ–≤–∞–Ω–∏—è –∫ –ë–î –∏ ...

You may provide a definition with
\DeclareUnicodeCharacter 


! LaTeX Error: Unicode character –± (U+0431)
               not set up for use with LaTeX.

See the LaTeX manual or LaTeX Companion for explanation.
Type  H <return>  for immediate help.
 ...                                              
                                                  
l.3 ...–Ω–∏–π, —Ñ–æ—Ä–º—É–ª–∏—Ä—É—é—Ç—Å—è —Ç—Ä–µ–±
                                                  –æ–≤–∞–Ω–∏—è –∫ –ë–î –∏ –ü...

You may provide a definition with
\DeclareUnicodeCharacter 


! LaTeX Error: Unicode character –æ (U+043E)
               not set up for use with LaTeX.

See the LaTeX manual or LaTeX Companion for explanation.
Type  H <return>  for immediate help.
 ...                                              
                                                  
l.3 ...–∏–π, —Ñ–æ—Ä–º—É–ª–∏—Ä—É—é—Ç—Å—è —Ç—Ä–µ–±–æ
                                                  –≤–∞–Ω–∏—è –∫ –ë–î –∏ –ü–û...

You may provide a definition with
\DeclareUnicodeCharacter 


! LaTeX Error: Unicode character –≤ (U+0432)
               not set up for use with LaTeX.

See the LaTeX manual or LaTeX Companion for explanation.
Type  H <return>  for immediate help.
 ...                                              
                                                  
l.3 ...–π, —Ñ–æ—Ä–º—É–ª–∏—Ä—É—é—Ç—Å—è —Ç—Ä–µ–±–æ–≤
                                                  –∞–Ω–∏—è –∫ –ë–î –∏ –ü–û, ...

You may provide a definition with
\DeclareUnicodeCharacter 


! LaTeX Error: Unicode character –∞ (U+0430)
               not set up for use with LaTeX.

See the LaTeX manual or LaTeX Companion for explanation.
Type  H <return>  for immediate help.
 ...                                              
                                                  
l.3 ..., —Ñ–æ—Ä–º—É–ª–∏—Ä—É—é—Ç—Å—è —Ç—Ä–µ–±–æ–≤–∞
                                                  –Ω–∏—è –∫ –ë–î –∏ –ü–û, —Ñ...

You may provide a definition with
\DeclareUnicodeCharacter 


! LaTeX Error: Unicode character –Ω (U+043D)
               not set up for use with LaTeX.

See the LaTeX manual or LaTeX Companion for explanation.
Type  H <return>  for immediate help.
 ...                                              
                                                  
l.3 ...—Ñ–æ—Ä–º—É–ª–∏—Ä—É—é—Ç—Å—è —Ç—Ä–µ–±–æ–≤–∞–Ω
                                                  –∏—è –∫ –ë–î –∏ –ü–û, —Ñ–æ...

You may provide a definition with
\DeclareUnicodeCharacter 


! LaTeX Error: Unicode character –∏ (U+0438)
               not set up for use with LaTeX.

See the LaTeX manual or LaTeX Companion for explanation.
Type  H <return>  for immediate help.
 ...                                              
                                                  
l.3 ...–æ—Ä–º—É–ª–∏—Ä—É—é—Ç—Å—è —Ç—Ä–µ–±–æ–≤–∞–Ω–∏
                                                  —è –∫ –ë–î –∏ –ü–û, —Ñ–æ—Ä...

You may provide a definition with
\DeclareUnicodeCharacter 


! LaTeX Error: Unicode character —è (U+044F)
               not set up for use with LaTeX.

See the LaTeX manual or LaTeX Companion for explanation.
Type  H <return>  for immediate help.
 ...                                              
                                                  
l.3 ...—Ä–º—É–ª–∏—Ä—É—é—Ç—Å—è —Ç—Ä–µ–±–æ–≤–∞–Ω–∏—è
                                                   –∫ –ë–î –∏ –ü–û, —Ñ–æ—Ä–º...

You may provide a definition with
\DeclareUnicodeCharacter 


! LaTeX Error: Unicode character –∫ (U+043A)
               not set up for use with LaTeX.

See the LaTeX manual or LaTeX Companion for explanation.
Type  H <return>  for immediate help.
 ...                                              
                                                  
l.3 ...º—É–ª–∏—Ä—É—é—Ç—Å—è —Ç—Ä–µ–±–æ–≤–∞–Ω–∏—è –∫
                                                   –ë–î –∏ –ü–û, —Ñ–æ—Ä–º–∞–...

You may provide a definition with
\DeclareUnicodeCharacter 


! LaTeX Error: Unicode character –ë (U+0411)
               not set up for use with LaTeX.

See the LaTeX manual or LaTeX Companion for explanation.
Type  H <return>  for immediate help.
 ...                                              
                                                  
l.3 ...–ª–∏—Ä—É—é—Ç—Å—è —Ç—Ä–µ–±–æ–≤–∞–Ω–∏—è –∫ –ë
                                                  –î –∏ –ü–û, —Ñ–æ—Ä–º–∞–ª–∏...

You may provide a definition with
\DeclareUnicodeCharacter 


! LaTeX Error: Unicode character –î (U+0414)
               not set up for use with LaTeX.

See the LaTeX manual or LaTeX Companion for explanation.
Type  H <return>  for immediate help.
 ...                                              
                                                  
l.3 ...–∏—Ä—É—é—Ç—Å—è —Ç—Ä–µ–±–æ–≤–∞–Ω–∏—è –∫ –ë–î
                                                   –∏ –ü–û, —Ñ–æ—Ä–º–∞–ª–∏–∑...

You may provide a definition with
\DeclareUnicodeCharacter 


! LaTeX Error: Unicode character –∏ (U+0438)
               not set up for use with LaTeX.

See the LaTeX manual or LaTeX Companion for explanation.
Type  H <return>  for immediate help.
 ...                                              
                                                  
l.3 ...Ä—É—é—Ç—Å—è —Ç—Ä–µ–±–æ–≤–∞–Ω–∏—è –∫ –ë–î –∏
                                                   –ü–û, —Ñ–æ—Ä–º–∞–ª–∏–∑—É–...

You may provide a definition with
\DeclareUnicodeCharacter 


! LaTeX Error: Unicode character –ü (U+041F)
               not set up for use with LaTeX.

See the LaTeX manual or LaTeX Companion for explanation.
Type  H <return>  for immediate help.
 ...                                              
                                                  
l.3 ...—é—Ç—Å—è —Ç—Ä–µ–±–æ–≤–∞–Ω–∏—è –∫ –ë–î –∏ –ü
                                                  –û, —Ñ–æ—Ä–º–∞–ª–∏–∑—É–µ—Ç...

You may provide a definition with
\DeclareUnicodeCharacter 


! LaTeX Error: Unicode character –û (U+041E)
               not set up for use with LaTeX.

See the LaTeX manual or LaTeX Companion for explanation.
Type  H <return>  for immediate help.
 ...                                              
                                                  
l.3 ...—Ç—Å—è —Ç—Ä–µ–±–æ–≤–∞–Ω–∏—è –∫ –ë–î –∏ –ü–û
                                                  , —Ñ–æ—Ä–º–∞–ª–∏–∑—É–µ—Ç—Å...

You may provide a definition with
\DeclareUnicodeCharacter 

Missing character: There is no , in font nullfont!

! LaTeX Error: Unicode character —Ñ (U+0444)
               not set up for use with LaTeX.

See the LaTeX manual or LaTeX Companion for explanation.
Type  H <return>  for immediate help.
 ...                                              
                                                  
l.3 ...—è —Ç—Ä–µ–±–æ–≤–∞–Ω–∏—è –∫ –ë–î –∏ –ü–û, —Ñ
                                                  –æ—Ä–º–∞–ª–∏–∑—É–µ—Ç—Å—è –...

You may provide a definition with
\DeclareUnicodeCharacter 


! LaTeX Error: Unicode character –æ (U+043E)
               not set up for use with LaTeX.

See the LaTeX manual or LaTeX Companion for explanation.
Type  H <return>  for immediate help.
 ...                                              
                                                  
l.3 ... —Ç—Ä–µ–±–æ–≤–∞–Ω–∏—è –∫ –ë–î –∏ –ü–û, —Ñ–æ
                                                  —Ä–º–∞–ª–∏–∑—É–µ—Ç—Å—è –∏ ...

You may provide a definition with
\DeclareUnicodeCharacter 


! LaTeX Error: Unicode character —Ä (U+0440)
               not set up for use with LaTeX.

See the LaTeX manual or LaTeX Companion for explanation.
Type  H <return>  for immediate help.
 ...                                              
                                                  
l.3 ...Ç—Ä–µ–±–æ–≤–∞–Ω–∏—è –∫ –ë–î –∏ –ü–û, —Ñ–æ—Ä
                                                  –º–∞–ª–∏–∑—É–µ—Ç—Å—è –∏ –æ...

You may provide a definition with
\DeclareUnicodeCharacter 


! LaTeX Error: Unicode character –º (U+043C)
               not set up for use with LaTeX.

See the LaTeX manual or LaTeX Companion for explanation.
Type  H <return>  for immediate help.
 ...                                              
                                                  
l.3 ...Ä–µ–±–æ–≤–∞–Ω–∏—è –∫ –ë–î –∏ –ü–û, —Ñ–æ—Ä–º
                                                  –∞–ª–∏–∑—É–µ—Ç—Å—è –∏ –æ–ø...

You may provide a definition with
\DeclareUnicodeCharacter 


! LaTeX Error: Unicode character –∞ (U+0430)
               not set up for use with LaTeX.

See the LaTeX manual or LaTeX Companion for explanation.
Type  H <return>  for immediate help.
 ...                                              
                                                  
l.3 ...µ–±–æ–≤–∞–Ω–∏—è –∫ –ë–î –∏ –ü–û, —Ñ–æ—Ä–º–∞
                                                  –ª–∏–∑—É–µ—Ç—Å—è –∏ –æ–ø–∏...

You may provide a definition with
\DeclareUnicodeCharacter 


! LaTeX Error: Unicode character –ª (U+043B)
               not set up for use with LaTeX.

See the LaTeX manual or LaTeX Companion for explanation.
Type  H <return>  for immediate help.
 ...                                              
                                                  
l.3 ...±–æ–≤–∞–Ω–∏—è –∫ –ë–î –∏ –ü–û, —Ñ–æ—Ä–º–∞–ª
                                                  –∏–∑—É–µ—Ç—Å—è –∏ –æ–ø–∏—Å...

You may provide a definition with
\DeclareUnicodeCharacter 


! LaTeX Error: Unicode character –∏ (U+0438)
               not set up for use with LaTeX.

See the LaTeX manual or LaTeX Companion for explanation.
Type  H <return>  for immediate help.
 ...                                              
                                                  
l.3 ...æ–≤–∞–Ω–∏—è –∫ –ë–î –∏ –ü–û, —Ñ–æ—Ä–º–∞–ª–∏
                                                  –∑—É–µ—Ç—Å—è –∏ –æ–ø–∏—Å—ã...

You may provide a definition with
\DeclareUnicodeCharacter 


! LaTeX Error: Unicode character –∑ (U+0437)
               not set up for use with LaTeX.

See the LaTeX manual or LaTeX Companion for explanation.
Type  H <return>  for immediate help.
 ...                                              
                                                  
l.3 ...≤–∞–Ω–∏—è –∫ –ë–î –∏ –ü–û, —Ñ–æ—Ä–º–∞–ª–∏–∑
                                                  —É–µ—Ç—Å—è –∏ –æ–ø–∏—Å—ã–≤...

You may provide a definition with
\DeclareUnicodeCharacter 


! LaTeX Error: Unicode character —É (U+0443)
               not set up for use with LaTeX.

See the LaTeX manual or LaTeX Companion for explanation.
Type  H <return>  for immediate help.
 ...                                              
                                                  
l.3 ...∞–Ω–∏—è –∫ –ë–î –∏ –ü–û, —Ñ–æ—Ä–º–∞–ª–∏–∑—É
                                                  –µ—Ç—Å—è –∏ –æ–ø–∏—Å—ã–≤–∞...

You may provide a definition with
\DeclareUnicodeCharacter 


! LaTeX Error: Unicode character –µ (U+0435)
               not set up for use with LaTeX.

See the LaTeX manual or LaTeX Companion for explanation.
Type  H <return>  for immediate help.
 ...                                              
                                                  
l.3 ...Ω–∏—è –∫ –ë–î –∏ –ü–û, —Ñ–æ—Ä–º–∞–ª–∏–∑—É–µ
                                                  —Ç—Å—è –∏ –æ–ø–∏—Å—ã–≤–∞–µ...

You may provide a definition with
\DeclareUnicodeCharacter 


! LaTeX Error: Unicode character —Ç (U+0442)
               not set up for use with LaTeX.

See the LaTeX manual or LaTeX Companion for explanation.
Type  H <return>  for immediate help.
 ...                                              
                                                  
l.3 ...∏—è –∫ –ë–î –∏ –ü–û, —Ñ–æ—Ä–º–∞–ª–∏–∑—É–µ—Ç
                                                  —Å—è –∏ –æ–ø–∏—Å—ã–≤–∞–µ—Ç...

You may provide a definition with
\DeclareUnicodeCharacter 


! LaTeX Error: Unicode character —Å (U+0441)
               not set up for use with LaTeX.

See the LaTeX manual or LaTeX Companion for explanation.
Type  H <return>  for immediate help.
 ...                                              
                                                  
l.3 ...è –∫ –ë–î –∏ –ü–û, —Ñ–æ—Ä–º–∞–ª–∏–∑—É–µ—Ç—Å
                                                  —è –∏ –æ–ø–∏—Å—ã–≤–∞–µ—Ç—Å...

You may provide a definition with
\DeclareUnicodeCharacter 


! LaTeX Error: Unicode character —è (U+044F)
               not set up for use with LaTeX.

See the LaTeX manual or LaTeX Companion for explanation.
Type  H <return>  for immediate help.
 ...                                              
                                                  
l.3 ...–∫ –ë–î –∏ –ü–û, —Ñ–æ—Ä–º–∞–ª–∏–∑—É–µ—Ç—Å—è
                                                   –∏ –æ–ø–∏—Å—ã–≤–∞–µ—Ç—Å—è...

You may provide a definition with
\DeclareUnicodeCharacter 


! LaTeX Error: Unicode character –∏ (U+0438)
               not set up for use with LaTeX.

See the LaTeX manual or LaTeX Companion for explanation.
Type  H <return>  for immediate help.
 ...                                              
                                                  
l.3 ...–ë–î –∏ –ü–û, —Ñ–æ—Ä–º–∞–ª–∏–∑—É–µ—Ç—Å—è –∏
                                                   –æ–ø–∏—Å—ã–≤–∞–µ—Ç—Å—è –∏...

You may provide a definition with
\DeclareUnicodeCharacter 


! LaTeX Error: Unicode character –æ (U+043E)
               not set up for use with LaTeX.

See the LaTeX manual or LaTeX Companion for explanation.
Type  H <return>  for immediate help.
 ...                                              
                                                  
l.3 ...î –∏ –ü–û, —Ñ–æ—Ä–º–∞–ª–∏–∑—É–µ—Ç—Å—è –∏ –æ
                                                  –ø–∏—Å—ã–≤–∞–µ—Ç—Å—è –∏–Ω—...

You may provide a definition with
\DeclareUnicodeCharacter 


! LaTeX Error: Unicode character –ø (U+043F)
               not set up for use with LaTeX.

See the LaTeX manual or LaTeX Companion for explanation.
Type  H <return>  for immediate help.
 ...                                              
                                                  
l.3 ...–∏ –ü–û, —Ñ–æ—Ä–º–∞–ª–∏–∑—É–µ—Ç—Å—è –∏ –æ–ø
                                                  –∏—Å—ã–≤–∞–µ—Ç—Å—è –∏–Ω—Ñ–...

You may provide a definition with
\DeclareUnicodeCharacter 


! LaTeX Error: Unicode character –∏ (U+0438)
               not set up for use with LaTeX.

See the LaTeX manual or LaTeX Companion for explanation.
Type  H <return>  for immediate help.
 ...                                              
                                                  
l.3 ... –ü–û, —Ñ–æ—Ä–º–∞–ª–∏–∑—É–µ—Ç—Å—è –∏ –æ–ø–∏
                                                  —Å—ã–≤–∞–µ—Ç—Å—è –∏–Ω—Ñ–æ—...

You may provide a definition with
\DeclareUnicodeCharacter 


! LaTeX Error: Unicode character —Å (U+0441)
               not set up for use with LaTeX.

See the LaTeX manual or LaTeX Companion for explanation.
Type  H <return>  for immediate help.
 ...                                              
                                                  
l.3 ...ü–û, —Ñ–æ—Ä–º–∞–ª–∏–∑—É–µ—Ç—Å—è –∏ –æ–ø–∏—Å
                                                  —ã–≤–∞–µ—Ç—Å—è –∏–Ω—Ñ–æ—Ä–...

You may provide a definition with
\DeclareUnicodeCharacter 


! LaTeX Error: Unicode character —ã (U+044B)
               not set up for use with LaTeX.

See the LaTeX manual or LaTeX Companion for explanation.
Type  H <return>  for immediate help.
 ...                                              
                                                  
l.3 ...û, —Ñ–æ—Ä–º–∞–ª–∏–∑—É–µ—Ç—Å—è –∏ –æ–ø–∏—Å—ã
                                                  –≤–∞–µ—Ç—Å—è –∏–Ω—Ñ–æ—Ä–º–...

You may provide a definition with
\DeclareUnicodeCharacter 


! LaTeX Error: Unicode character –≤ (U+0432)
               not set up for use with LaTeX.

See the LaTeX manual or LaTeX Companion for explanation.
Type  H <return>  for immediate help.
 ...                                              
                                                  
l.3 ... —Ñ–æ—Ä–º–∞–ª–∏–∑—É–µ—Ç—Å—è –∏ –æ–ø–∏—Å—ã–≤
                                                  –∞–µ—Ç—Å—è –∏–Ω—Ñ–æ—Ä–º–∞—...

You may provide a definition with
\DeclareUnicodeCharacter 


! LaTeX Error: Unicode character –∞ (U+0430)
               not set up for use with LaTeX.

See the LaTeX manual or LaTeX Companion for explanation.
Type  H <return>  for immediate help.
 ...                                              
                                                  
l.3 ...Ñ–æ—Ä–º–∞–ª–∏–∑—É–µ—Ç—Å—è –∏ –æ–ø–∏—Å—ã–≤–∞
                                                  –µ—Ç—Å—è –∏–Ω—Ñ–æ—Ä–º–∞—Ü–...

You may provide a definition with
\DeclareUnicodeCharacter 


! LaTeX Error: Unicode character –µ (U+0435)
               not set up for use with LaTeX.

See the LaTeX manual or LaTeX Companion for explanation.
Type  H <return>  for immediate help.
 ...                                              
                                                  
l.3 ...æ—Ä–º–∞–ª–∏–∑—É–µ—Ç—Å—è –∏ –æ–ø–∏—Å—ã–≤–∞–µ
                                                  —Ç—Å—è –∏–Ω—Ñ–æ—Ä–º–∞—Ü–∏—...

You may provide a definition with
\DeclareUnicodeCharacter 


! LaTeX Error: Unicode character —Ç (U+0442)
               not set up for use with LaTeX.

See the LaTeX manual or LaTeX Companion for explanation.
Type  H <return>  for immediate help.
 ...                                              
                                                  
l.3 ...Ä–º–∞–ª–∏–∑—É–µ—Ç—Å—è –∏ –æ–ø–∏—Å—ã–≤–∞–µ—Ç
                                                  —Å—è –∏–Ω—Ñ–æ—Ä–º–∞—Ü–∏—è,...

You may provide a definition with
\DeclareUnicodeCharacter 


! LaTeX Error: Unicode character —Å (U+0441)
               not set up for use with LaTeX.

See the LaTeX manual or LaTeX Companion for explanation.
Type  H <return>  for immediate help.
 ...                                              
                                                  
l.3 ...º–∞–ª–∏–∑—É–µ—Ç—Å—è –∏ –æ–ø–∏—Å—ã–≤–∞–µ—Ç—Å
                                                  —è –∏–Ω—Ñ–æ—Ä–º–∞—Ü–∏—è, –...

You may provide a definition with
\DeclareUnicodeCharacter 


! LaTeX Error: Unicode character —è (U+044F)
               not set up for use with LaTeX.

See the LaTeX manual or LaTeX Companion for explanation.
Type  H <return>  for immediate help.
 ...                                              
                                                  
l.3 ...∞–ª–∏–∑—É–µ—Ç—Å—è –∏ –æ–ø–∏—Å—ã–≤–∞–µ—Ç—Å—è
                                                   –∏–Ω—Ñ–æ—Ä–º–∞—Ü–∏—è, –ø–...

You may provide a definition with
\DeclareUnicodeCharacter 


! LaTeX Error: Unicode character –∏ (U+0438)
               not set up for use with LaTeX.

See the LaTeX manual or LaTeX Companion for explanation.
Type  H <return>  for immediate help.
 ...                                              
                                                  
l.3 ...–∏–∑—É–µ—Ç—Å—è –∏ –æ–ø–∏—Å—ã–≤–∞–µ—Ç—Å—è –∏
                                                  –Ω—Ñ–æ—Ä–º–∞—Ü–∏—è, –ø–æ–¥...

You may provide a definition with
\DeclareUnicodeCharacter 


! LaTeX Error: Unicode character –Ω (U+043D)
               not set up for use with LaTeX.

See the LaTeX manual or LaTeX Companion for explanation.
Type  H <return>  for immediate help.
 ...                                              
                                                  
l.3 ...–∑—É–µ—Ç—Å—è –∏ –æ–ø–∏—Å—ã–≤–∞–µ—Ç—Å—è –∏–Ω
                                                  —Ñ–æ—Ä–º–∞—Ü–∏—è, –ø–æ–¥–ª...

You may provide a definition with
\DeclareUnicodeCharacter 


! LaTeX Error: Unicode character —Ñ (U+0444)
               not set up for use with LaTeX.

See the LaTeX manual or LaTeX Companion for explanation.
Type  H <return>  for immediate help.
 ...                                              
                                                  
l.3 ...—É–µ—Ç—Å—è –∏ –æ–ø–∏—Å—ã–≤–∞–µ—Ç—Å—è –∏–Ω—Ñ
                                                  –æ—Ä–º–∞—Ü–∏—è, –ø–æ–¥–ª–µ...

You may provide a definition with
\DeclareUnicodeCharacter 


! LaTeX Error: Unicode character –æ (U+043E)
               not set up for use with LaTeX.

See the LaTeX manual or LaTeX Companion for explanation.
Type  H <return>  for immediate help.
 ...                                              
                                                  
l.3 ...–µ—Ç—Å—è –∏ –æ–ø–∏—Å—ã–≤–∞–µ—Ç—Å—è –∏–Ω—Ñ–æ
                                                  —Ä–º–∞—Ü–∏—è, –ø–æ–¥–ª–µ–∂...

You may provide a definition with
\DeclareUnicodeCharacter 


! LaTeX Error: Unicode character —Ä (U+0440)
               not set up for use with LaTeX.

See the LaTeX manual or LaTeX Companion for explanation.
Type  H <return>  for immediate help.
 ...                                              
                                                  
l.3 ...—Ç—Å—è –∏ –æ–ø–∏—Å—ã–≤–∞–µ—Ç—Å—è –∏–Ω—Ñ–æ—Ä
                                                  –º–∞—Ü–∏—è, –ø–æ–¥–ª–µ–∂–∞...

You may provide a definition with
\DeclareUnicodeCharacter 


! LaTeX Error: Unicode character –º (U+043C)
               not set up for use with LaTeX.

See the LaTeX manual or LaTeX Companion for explanation.
Type  H <return>  for immediate help.
 ...                                              
                                                  
l.3 ...—Å—è –∏ –æ–ø–∏—Å—ã–≤–∞–µ—Ç—Å—è –∏–Ω—Ñ–æ—Ä–º
                                                  –∞—Ü–∏—è, –ø–æ–¥–ª–µ–∂–∞—â...

You may provide a definition with
\DeclareUnicodeCharacter 


! LaTeX Error: Unicode character –∞ (U+0430)
               not set up for use with LaTeX.

See the LaTeX manual or LaTeX Companion for explanation.
Type  H <return>  for immediate help.
 ...                                              
                                                  
l.3 ...—è –∏ –æ–ø–∏—Å—ã–≤–∞–µ—Ç—Å—è –∏–Ω—Ñ–æ—Ä–º–∞
                                                  —Ü–∏—è, –ø–æ–¥–ª–µ–∂–∞—â–∞...

You may provide a definition with
\DeclareUnicodeCharacter 


! LaTeX Error: Unicode character —Ü (U+0446)
               not set up for use with LaTeX.

See the LaTeX manual or LaTeX Companion for explanation.
Type  H <return>  for immediate help.
 ...                                              
                                                  
l.3 ... –∏ –æ–ø–∏—Å—ã–≤–∞–µ—Ç—Å—è –∏–Ω—Ñ–æ—Ä–º–∞—Ü
                                                  –∏—è, –ø–æ–¥–ª–µ–∂–∞—â–∞—è...

You may provide a definition with
\DeclareUnicodeCharacter 


! LaTeX Error: Unicode character –∏ (U+0438)
               not set up for use with LaTeX.

See the LaTeX manual or LaTeX Companion for explanation.
Type  H <return>  for immediate help.
 ...                                              
                                                  
l.3 ...∏ –æ–ø–∏—Å—ã–≤–∞–µ—Ç—Å—è –∏–Ω—Ñ–æ—Ä–º–∞—Ü–∏
                                                  —è, –ø–æ–¥–ª–µ–∂–∞—â–∞—è —...

You may provide a definition with
\DeclareUnicodeCharacter 


! LaTeX Error: Unicode character —è (U+044F)
               not set up for use with LaTeX.

See the LaTeX manual or LaTeX Companion for explanation.
Type  H <return>  for immediate help.
 ...                                              
                                                  
l.3 ...–æ–ø–∏—Å—ã–≤–∞–µ—Ç—Å—è –∏–Ω—Ñ–æ—Ä–º–∞—Ü–∏—è
                                                  , –ø–æ–¥–ª–µ–∂–∞—â–∞—è —Ö—...

You may provide a definition with
\DeclareUnicodeCharacter 

Missing character: There is no , in font nullfont!

! LaTeX Error: Unicode character –ø (U+043F)
               not set up for use with LaTeX.

See the LaTeX manual or LaTeX Companion for explanation.
Type  H <return>  for immediate help.
 ...                                              
                                                  
l.3 ...–∏—Å—ã–≤–∞–µ—Ç—Å—è –∏–Ω—Ñ–æ—Ä–º–∞—Ü–∏—è, –ø
                                                  –æ–¥–ª–µ–∂–∞—â–∞—è —Ö—Ä–∞–...

You may provide a definition with
\DeclareUnicodeCharacter 


! LaTeX Error: Unicode character –æ (U+043E)
               not set up for use with LaTeX.

See the LaTeX manual or LaTeX Companion for explanation.
Type  H <return>  for immediate help.
 ...                                              
                                                  
l.3 ...—Å—ã–≤–∞–µ—Ç—Å—è –∏–Ω—Ñ–æ—Ä–º–∞—Ü–∏—è, –ø–æ
                                                  –¥–ª–µ–∂–∞—â–∞—è —Ö—Ä–∞–Ω–...

You may provide a definition with
\DeclareUnicodeCharacter 


! LaTeX Error: Unicode character –¥ (U+0434)
               not set up for use with LaTeX.

See the LaTeX manual or LaTeX Companion for explanation.
Type  H <return>  for immediate help.
 ...                                              
                                                  
l.3 ...—ã–≤–∞–µ—Ç—Å—è –∏–Ω—Ñ–æ—Ä–º–∞—Ü–∏—è, –ø–æ–¥
                                                  –ª–µ–∂–∞—â–∞—è —Ö—Ä–∞–Ω–µ–...

You may provide a definition with
\DeclareUnicodeCharacter 


! LaTeX Error: Unicode character –ª (U+043B)
               not set up for use with LaTeX.

See the LaTeX manual or LaTeX Companion for explanation.
Type  H <return>  for immediate help.
 ...                                              
                                                  
l.3 ...–≤–∞–µ—Ç—Å—è –∏–Ω—Ñ–æ—Ä–º–∞—Ü–∏—è, –ø–æ–¥–ª
                                                  –µ–∂–∞—â–∞—è —Ö—Ä–∞–Ω–µ–Ω–...

You may provide a definition with
\DeclareUnicodeCharacter 


! LaTeX Error: Unicode character –µ (U+0435)
               not set up for use with LaTeX.

See the LaTeX manual or LaTeX Companion for explanation.
Type  H <return>  for immediate help.
 ...                                              
                                                  
l.3 ...–∞–µ—Ç—Å—è –∏–Ω—Ñ–æ—Ä–º–∞—Ü–∏—è, –ø–æ–¥–ª–µ
                                                  –∂–∞—â–∞—è —Ö—Ä–∞–Ω–µ–Ω–∏—...

You may provide a definition with
\DeclareUnicodeCharacter 


! LaTeX Error: Unicode character –∂ (U+0436)
               not set up for use with LaTeX.

See the LaTeX manual or LaTeX Companion for explanation.
Type  H <return>  for immediate help.
 ...                                              
                                                  
l.3 ...–µ—Ç—Å—è –∏–Ω—Ñ–æ—Ä–º–∞—Ü–∏—è, –ø–æ–¥–ª–µ–∂
                                                  –∞—â–∞—è —Ö—Ä–∞–Ω–µ–Ω–∏—é ...

You may provide a definition with
\DeclareUnicodeCharacter 


! LaTeX Error: Unicode character –∞ (U+0430)
               not set up for use with LaTeX.

See the LaTeX manual or LaTeX Companion for explanation.
Type  H <return>  for immediate help.
 ...                                              
                                                  
l.3 ...—Ç—Å—è –∏–Ω—Ñ–æ—Ä–º–∞—Ü–∏—è, –ø–æ–¥–ª–µ–∂–∞
                                                  —â–∞—è —Ö—Ä–∞–Ω–µ–Ω–∏—é –≤...

You may provide a definition with
\DeclareUnicodeCharacter 


! LaTeX Error: Unicode character —â (U+0449)
               not set up for use with LaTeX.

See the LaTeX manual or LaTeX Companion for explanation.
Type  H <return>  for immediate help.
 ...                                              
                                                  
l.3 ...—Å—è –∏–Ω—Ñ–æ—Ä–º–∞—Ü–∏—è, –ø–æ–¥–ª–µ–∂–∞—â
                                                  –∞—è —Ö—Ä–∞–Ω–µ–Ω–∏—é –≤ –...

You may provide a definition with
\DeclareUnicodeCharacter 


! LaTeX Error: Unicode character –∞ (U+0430)
               not set up for use with LaTeX.

See the LaTeX manual or LaTeX Companion for explanation.
Type  H <return>  for immediate help.
 ...                                              
                                                  
l.3 ...—è –∏–Ω—Ñ–æ—Ä–º–∞—Ü–∏—è, –ø–æ–¥–ª–µ–∂–∞—â–∞
                                                  —è —Ö—Ä–∞–Ω–µ–Ω–∏—é –≤ –ø—...

You may provide a definition with
\DeclareUnicodeCharacter 


! LaTeX Error: Unicode character —è (U+044F)
               not set up for use with LaTeX.

See the LaTeX manual or LaTeX Companion for explanation.
Type  H <return>  for immediate help.
 ...                                              
                                                  
l.3 ... –∏–Ω—Ñ–æ—Ä–º–∞—Ü–∏—è, –ø–æ–¥–ª–µ–∂–∞—â–∞—è
                                                   —Ö—Ä–∞–Ω–µ–Ω–∏—é –≤ –ø—Ä–...

You may provide a definition with
\DeclareUnicodeCharacter 


! LaTeX Error: Unicode character —Ö (U+0445)
               not set up for use with LaTeX.

See the LaTeX manual or LaTeX Companion for explanation.
Type  H <return>  for immediate help.
 ...                                              
                                                  
l.3 ...–Ω—Ñ–æ—Ä–º–∞—Ü–∏—è, –ø–æ–¥–ª–µ–∂–∞—â–∞—è —Ö
                                                  —Ä–∞–Ω–µ–Ω–∏—é –≤ –ø—Ä–æ–µ...

You may provide a definition with
\DeclareUnicodeCharacter 


! LaTeX Error: Unicode character —Ä (U+0440)
               not set up for use with LaTeX.

See the LaTeX manual or LaTeX Companion for explanation.
Type  H <return>  for immediate help.
 ...                                              
                                                  
l.3 ...—Ñ–æ—Ä–º–∞—Ü–∏—è, –ø–æ–¥–ª–µ–∂–∞—â–∞—è —Ö—Ä
                                                  –∞–Ω–µ–Ω–∏—é –≤ –ø—Ä–æ–µ–∫...

You may provide a definition with
\DeclareUnicodeCharacter 


! LaTeX Error: Unicode character –∞ (U+0430)
               not set up for use with LaTeX.

See the LaTeX manual or LaTeX Companion for explanation.
Type  H <return>  for immediate help.
 ...                                              
                                                  
l.3 ...–æ—Ä–º–∞—Ü–∏—è, –ø–æ–¥–ª–µ–∂–∞—â–∞—è —Ö—Ä–∞
                                                  –Ω–µ–Ω–∏—é –≤ –ø—Ä–æ–µ–∫—Ç...

You may provide a definition with
\DeclareUnicodeCharacter 


! LaTeX Error: Unicode character –Ω (U+043D)
               not set up for use with LaTeX.

See the LaTeX manual or LaTeX Companion for explanation.
Type  H <return>  for immediate help.
 ...                                              
                                                  
l.3 ...—Ä–º–∞—Ü–∏—è, –ø–æ–¥–ª–µ–∂–∞—â–∞—è —Ö—Ä–∞–Ω
                                                  –µ–Ω–∏—é –≤ –ø—Ä–æ–µ–∫—Ç–∏...

You may provide a definition with
\DeclareUnicodeCharacter 


! LaTeX Error: Unicode character –µ (U+0435)
               not set up for use with LaTeX.

See the LaTeX manual or LaTeX Companion for explanation.
Type  H <return>  for immediate help.
 ...                                              
                                                  
l.3 ...–º–∞—Ü–∏—è, –ø–æ–¥–ª–µ–∂–∞—â–∞—è —Ö—Ä–∞–Ω–µ
                                                  –Ω–∏—é –≤ –ø—Ä–æ–µ–∫—Ç–∏—Ä...

You may provide a definition with
\DeclareUnicodeCharacter 


! LaTeX Error: Unicode character –Ω (U+043D)
               not set up for use with LaTeX.

See the LaTeX manual or LaTeX Companion for explanation.
Type  H <return>  for immediate help.
 ...                                              
                                                  
l.3 ...–∞—Ü–∏—è, –ø–æ–¥–ª–µ–∂–∞—â–∞—è —Ö—Ä–∞–Ω–µ–Ω
                                                  –∏—é –≤ –ø—Ä–æ–µ–∫—Ç–∏—Ä—É...

You may provide a definition with
\DeclareUnicodeCharacter 


! LaTeX Error: Unicode character –∏ (U+0438)
               not set up for use with LaTeX.

See the LaTeX manual or LaTeX Companion for explanation.
Type  H <return>  for immediate help.
 ...                                              
                                                  
l.3 ...—Ü–∏—è, –ø–æ–¥–ª–µ–∂–∞—â–∞—è —Ö—Ä–∞–Ω–µ–Ω–∏
                                                  —é –≤ –ø—Ä–æ–µ–∫—Ç–∏—Ä—É–µ...

You may provide a definition with
\DeclareUnicodeCharacter 


! LaTeX Error: Unicode character —é (U+044E)
               not set up for use with LaTeX.

See the LaTeX manual or LaTeX Companion for explanation.
Type  H <return>  for immediate help.
 ...                                              
                                                  
l.3 ...–∏—è, –ø–æ–¥–ª–µ–∂–∞—â–∞—è —Ö—Ä–∞–Ω–µ–Ω–∏—é
                                                   –≤ –ø—Ä–æ–µ–∫—Ç–∏—Ä—É–µ–º...

You may provide a definition with
\DeclareUnicodeCharacter 


! LaTeX Error: Unicode character –≤ (U+0432)
               not set up for use with LaTeX.

See the LaTeX manual or LaTeX Companion for explanation.
Type  H <return>  for immediate help.
 ...                                              
                                                  
l.3 ...è, –ø–æ–¥–ª–µ–∂–∞—â–∞—è —Ö—Ä–∞–Ω–µ–Ω–∏—é –≤
                                                   –ø—Ä–æ–µ–∫—Ç–∏—Ä—É–µ–º–æ–...

You may provide a definition with
\DeclareUnicodeCharacter 


! LaTeX Error: Unicode character –ø (U+043F)
               not set up for use with LaTeX.

See the LaTeX manual or LaTeX Companion for explanation.
Type  H <return>  for immediate help.
 ...                                              
                                                  
l.3 ...–ø–æ–¥–ª–µ–∂–∞—â–∞—è —Ö—Ä–∞–Ω–µ–Ω–∏—é –≤ –ø
                                                  —Ä–æ–µ–∫—Ç–∏—Ä—É–µ–º–æ–π –...

You may provide a definition with
\DeclareUnicodeCharacter 


! LaTeX Error: Unicode character —Ä (U+0440)
               not set up for use with LaTeX.

See the LaTeX manual or LaTeX Companion for explanation.
Type  H <return>  for immediate help.
 ...                                              
                                                  
l.3 ...–æ–¥–ª–µ–∂–∞—â–∞—è —Ö—Ä–∞–Ω–µ–Ω–∏—é –≤ –ø—Ä
                                                  –æ–µ–∫—Ç–∏—Ä—É–µ–º–æ–π –ë–...

You may provide a definition with
\DeclareUnicodeCharacter 


! LaTeX Error: Unicode character –æ (U+043E)
               not set up for use with LaTeX.

See the LaTeX manual or LaTeX Companion for explanation.
Type  H <return>  for immediate help.
 ...                                              
                                                  
l.3 ...–¥–ª–µ–∂–∞—â–∞—è —Ö—Ä–∞–Ω–µ–Ω–∏—é –≤ –ø—Ä–æ
                                                  –µ–∫—Ç–∏—Ä—É–µ–º–æ–π –ë–î,...

You may provide a definition with
\DeclareUnicodeCharacter 


! LaTeX Error: Unicode character –µ (U+0435)
               not set up for use with LaTeX.

See the LaTeX manual or LaTeX Companion for explanation.
Type  H <return>  for immediate help.
 ...                                              
                                                  
l.3 ...–ª–µ–∂–∞—â–∞—è —Ö—Ä–∞–Ω–µ–Ω–∏—é –≤ –ø—Ä–æ–µ
                                                  –∫—Ç–∏—Ä—É–µ–º–æ–π –ë–î, –...

You may provide a definition with
\DeclareUnicodeCharacter 


! LaTeX Error: Unicode character –∫ (U+043A)
               not set up for use with LaTeX.

See the LaTeX manual or LaTeX Companion for explanation.
Type  H <return>  for immediate help.
 ...                                              
                                                  
l.3 ...–µ–∂–∞—â–∞—è —Ö—Ä–∞–Ω–µ–Ω–∏—é –≤ –ø—Ä–æ–µ–∫
                                                  —Ç–∏—Ä—É–µ–º–æ–π –ë–î, –∏ ...

You may provide a definition with
\DeclareUnicodeCharacter 


! LaTeX Error: Unicode character —Ç (U+0442)
               not set up for use with LaTeX.

See the LaTeX manual or LaTeX Companion for explanation.
Type  H <return>  for immediate help.
 ...                                              
                                                  
l.3 ...–∂–∞—â–∞—è —Ö—Ä–∞–Ω–µ–Ω–∏—é –≤ –ø—Ä–æ–µ–∫—Ç
                                                  –∏—Ä—É–µ–º–æ–π –ë–î, –∏ –ø...

You may provide a definition with
\DeclareUnicodeCharacter 


! LaTeX Error: Unicode character –∏ (U+0438)
               not set up for use with LaTeX.

See the LaTeX manual or LaTeX Companion for explanation.
Type  H <return>  for immediate help.
 ...                                              
                                                  
l.3 ...–∞—â–∞—è —Ö—Ä–∞–Ω–µ–Ω–∏—é –≤ –ø—Ä–æ–µ–∫—Ç–∏
                                                  —Ä—É–µ–º–æ–π –ë–î, –∏ –ø–æ...

You may provide a definition with
\DeclareUnicodeCharacter 


! LaTeX Error: Unicode character —Ä (U+0440)
               not set up for use with LaTeX.

See the LaTeX manual or LaTeX Companion for explanation.
Type  H <return>  for immediate help.
 ...                                              
                                                  
l.3 ...—â–∞—è —Ö—Ä–∞–Ω–µ–Ω–∏—é –≤ –ø—Ä–æ–µ–∫—Ç–∏—Ä
                                                  —É–µ–º–æ–π –ë–î, –∏ –ø–æ–ª...

You may provide a definition with
\DeclareUnicodeCharacter 


! LaTeX Error: Unicode character —É (U+0443)
               not set up for use with LaTeX.

See the LaTeX manual or LaTeX Companion for explanation.
Type  H <return>  for immediate help.
 ...                                              
                                                  
l.3 ...–∞—è —Ö—Ä–∞–Ω–µ–Ω–∏—é –≤ –ø—Ä–æ–µ–∫—Ç–∏—Ä—É
                                                  –µ–º–æ–π –ë–î, –∏ –ø–æ–ª—å...

You may provide a definition with
\DeclareUnicodeCharacter 


! LaTeX Error: Unicode character –µ (U+0435)
               not set up for use with LaTeX.

See the LaTeX manual or LaTeX Companion for explanation.
Type  H <return>  for immediate help.
 ...                                              
                                                  
l.3 ...—è —Ö—Ä–∞–Ω–µ–Ω–∏—é –≤ –ø—Ä–æ–µ–∫—Ç–∏—Ä—É–µ
                                                  –º–æ–π –ë–î, –∏ –ø–æ–ª—å–∑...

You may provide a definition with
\DeclareUnicodeCharacter 


! LaTeX Error: Unicode character –º (U+043C)
               not set up for use with LaTeX.

See the LaTeX manual or LaTeX Companion for explanation.
Type  H <return>  for immediate help.
 ...                                              
                                                  
l.3 ... —Ö—Ä–∞–Ω–µ–Ω–∏—é –≤ –ø—Ä–æ–µ–∫—Ç–∏—Ä—É–µ–º
                                                  –æ–π –ë–î, –∏ –ø–æ–ª—å–∑–æ...

You may provide a definition with
\DeclareUnicodeCharacter 


! LaTeX Error: Unicode character –æ (U+043E)
               not set up for use with LaTeX.

See the LaTeX manual or LaTeX Companion for explanation.
Type  H <return>  for immediate help.
 ...                                              
                                                  
l.3 ...Ö—Ä–∞–Ω–µ–Ω–∏—é –≤ –ø—Ä–æ–µ–∫—Ç–∏—Ä—É–µ–º–æ
                                                  –π –ë–î, –∏ –ø–æ–ª—å–∑–æ–≤...

You may provide a definition with
\DeclareUnicodeCharacter 


! LaTeX Error: Unicode character –π (U+0439)
               not set up for use with LaTeX.

See the LaTeX manual or LaTeX Companion for explanation.
Type  H <return>  for immediate help.
 ...                                              
                                                  
l.3 ...Ä–∞–Ω–µ–Ω–∏—é –≤ –ø—Ä–æ–µ–∫—Ç–∏—Ä—É–µ–º–æ–π
                                                   –ë–î, –∏ –ø–æ–ª—å–∑–æ–≤–∞...

You may provide a definition with
\DeclareUnicodeCharacter 


! LaTeX Error: Unicode character –ë (U+0411)
               not set up for use with LaTeX.

See the LaTeX manual or LaTeX Companion for explanation.
Type  H <return>  for immediate help.
 ...                                              
                                                  
l.3 ...–Ω–µ–Ω–∏—é –≤ –ø—Ä–æ–µ–∫—Ç–∏—Ä—É–µ–º–æ–π –ë
                                                  –î, –∏ –ø–æ–ª—å–∑–æ–≤–∞—Ç–...

You may provide a definition with
\DeclareUnicodeCharacter 


! LaTeX Error: Unicode character –î (U+0414)
               not set up for use with LaTeX.

See the LaTeX manual or LaTeX Companion for explanation.
Type  H <return>  for immediate help.
 ...                                              
                                                  
l.3 ...–µ–Ω–∏—é –≤ –ø—Ä–æ–µ–∫—Ç–∏—Ä—É–µ–º–æ–π –ë–î
                                                  , –∏ –ø–æ–ª—å–∑–æ–≤–∞—Ç–µ–...

You may provide a definition with
\DeclareUnicodeCharacter 

Missing character: There is no , in font nullfont!

! LaTeX Error: Unicode character –∏ (U+0438)
               not set up for use with LaTeX.

See the LaTeX manual or LaTeX Companion for explanation.
Type  H <return>  for immediate help.
 ...                                              
                                                  
l.3 ...–∏—é –≤ –ø—Ä–æ–µ–∫—Ç–∏—Ä—É–µ–º–æ–π –ë–î, –∏
                                                   –ø–æ–ª—å–∑–æ–≤–∞—Ç–µ–ª–∏....
(That makes 100 errors; please try again.) 
Here is how much of TeX's memory you used:
 53 strings out of 474486
 889 string characters out of 5743755
 1924542 words of memory out of 5000000
 22438 multiletter control sequences out of 15000+600000
 558069 words of font info for 36 fonts, out of 8000000 for 9000
 1141 hyphenation exceptions out of 8191
 15i,0n,18p,652b,30s stack positions out of 10000i,1000n,20000p,200000b,200000s

!  ==> Fatal error occurred, no output PDF file produced!
